<?xml version="1.0" encoding="UTF-8"?>
<!-- Generated by org.testng.reporters.JUnitXMLReporter -->
<testsuite hostname="LAPTOP-7O38B23I" ignored="0" name="Test" tests="2" failures="0" timestamp="2021-05-21T20:17:25 EDT" time="0.194" errors="0">
  <testcase name="@BeforeMethod x" time="0.083" classname="class2.Task2Batch9">
    <failure type="java.lang.IllegalStateException" message="The driver executable does not exist: C:\Users\tijan\eclipse-workspace\TestNG\src\drivers\chromedriver.exe">
      <![CDATA[java.lang.IllegalStateException: The driver executable does not exist: C:\Users\tijan\eclipse-workspace\TestNG\src\drivers\chromedriver.exe
at com.google.common.base.Preconditions.checkState(Preconditions.java:585)
at org.openqa.selenium.remote.service.DriverService.checkExecutable(DriverService.java:146)
at org.openqa.selenium.remote.service.DriverService.findExecutable(DriverService.java:141)
at org.openqa.selenium.chrome.ChromeDriverService.access$000(ChromeDriverService.java:35)
at org.openqa.selenium.chrome.ChromeDriverService$Builder.findDefaultExecutable(ChromeDriverService.java:159)
at org.openqa.selenium.remote.service.DriverService$Builder.build(DriverService.java:355)
at org.openqa.selenium.chrome.ChromeDriverService.createDefaultService(ChromeDriverService.java:94)
at org.openqa.selenium.chrome.ChromeDriver.<init>(ChromeDriver.java:123)
at class2.Task2Batch9.x(Task2Batch9.java:23)
at java.util.ArrayList.forEach(ArrayList.java:1257)
... Removed 31 stack frames]]>
    </failure>
  </testcase> <!-- @BeforeMethod x -->
  <testcase name="@AfterMethod tearDown" time="-1.621642645932E9" classname="class2.Task2Batch9">
    <skipped/>
  </testcase> <!-- @AfterMethod tearDown -->
  <testcase name="hello" time="0.013" classname="testNgClass.Main"/>
  <testcase name="invalidLogin" time="0.0" classname="class2.Task2Batch9">
    <skipped/>
  </testcase> <!-- invalidLogin -->
</testsuite> <!-- Test -->
